[20-Sep-2022 12:08:07 UTC] PHP Notice:  ob_end_flush(): Failed to send buffer of zlib output compression (1) in C:\MAMP\htdocs\netvlies\wp-includes\functions.php on line 5275
[20-Sep-2022 12:08:07 UTC] PHP Notice:  ob_end_flush(): Failed to send buffer of zlib output compression (1) in C:\MAMP\htdocs\netvlies\wp-includes\functions.php on line 5275
[20-Sep-2022 12:08:40 UTC] a:1:{i:0;i:53;}
[20-Sep-2022 12:08:40 UTC] a:3:{i:0;i:14;i:1;i:12;i:2;i:10751;}
[20-Sep-2022 12:08:40 UTC] a:3:{i:0;i:12;i:1;i:18;i:2;i:27;}
[20-Sep-2022 12:08:40 UTC] a:3:{i:0;i:28;i:1;i:18;i:2;i:878;}
[20-Sep-2022 12:08:40 UTC] a:2:{i:0;i:28;i:1;i:18;}
[20-Sep-2022 12:08:40 UTC] a:3:{i:0;i:16;i:1;i:878;i:2;i:28;}
[20-Sep-2022 12:08:40 UTC] a:3:{i:0;i:14;i:1;i:28;i:2;i:35;}
[20-Sep-2022 12:08:40 UTC] a:3:{i:0;i:28;i:1;i:80;i:2;i:53;}
[20-Sep-2022 12:08:40 UTC] a:3:{i:0;i:53;i:1;i:28;i:2;i:878;}
[20-Sep-2022 12:08:40 UTC] a:3:{i:0;i:28;i:1;i:12;i:2;i:14;}
[20-Sep-2022 12:08:40 UTC] a:3:{i:0;i:16;i:1;i:28;i:2;i:12;}
[20-Sep-2022 12:08:40 UTC] a:3:{i:0;i:12;i:1;i:28;i:2;i:878;}
[20-Sep-2022 12:08:40 UTC] a:4:{i:0;i:28;i:1;i:80;i:2;i:35;i:3;i:12;}
[20-Sep-2022 12:08:40 UTC] a:2:{i:0;i:28;i:1;i:18;}
[20-Sep-2022 12:08:40 UTC] a:4:{i:0;i:16;i:1;i:12;i:2;i:35;i:3;i:14;}
[20-Sep-2022 12:08:40 UTC] a:2:{i:0;i:35;i:1;i:28;}
[20-Sep-2022 12:08:40 UTC] a:2:{i:0;i:27;i:1;i:53;}
[20-Sep-2022 12:08:40 UTC] a:2:{i:0;i:27;i:1;i:53;}
[20-Sep-2022 12:08:40 UTC] a:8:{i:0;i:27;i:1;i:53;i:2;i:28;i:3;i:12;i:4;i:80;i:5;i:9648;i:6;i:18;i:7;i:10752;}
[20-Sep-2022 12:08:40 UTC] a:4:{i:0;i:27;i:1;i:9648;i:2;i:878;i:3;i:53;}
[20-Sep-2022 12:08:40 UTC] PHP Notice:  ob_end_flush(): Failed to send buffer of zlib output compression (1) in C:\MAMP\htdocs\netvlies\wp-includes\functions.php on line 5275
[20-Sep-2022 12:08:40 UTC] PHP Notice:  ob_end_flush(): Failed to send buffer of zlib output compression (1) in C:\MAMP\htdocs\netvlies\wp-includes\functions.php on line 5275
[20-Sep-2022 12:08:59 UTC] a:1:{i:0;i:53;}
[20-Sep-2022 12:08:59 UTC] a:3:{i:0;i:14;i:1;i:12;i:2;i:10751;}
[20-Sep-2022 12:08:59 UTC] a:3:{i:0;i:12;i:1;i:18;i:2;i:27;}
[20-Sep-2022 12:08:59 UTC] a:3:{i:0;i:28;i:1;i:18;i:2;i:878;}
[20-Sep-2022 12:08:59 UTC] a:2:{i:0;i:28;i:1;i:18;}
[20-Sep-2022 12:08:59 UTC] a:3:{i:0;i:16;i:1;i:878;i:2;i:28;}
[20-Sep-2022 12:08:59 UTC] a:3:{i:0;i:14;i:1;i:28;i:2;i:35;}
[20-Sep-2022 12:08:59 UTC] a:3:{i:0;i:28;i:1;i:80;i:2;i:53;}
[20-Sep-2022 12:08:59 UTC] a:3:{i:0;i:53;i:1;i:28;i:2;i:878;}
[20-Sep-2022 12:08:59 UTC] a:3:{i:0;i:28;i:1;i:12;i:2;i:14;}
[20-Sep-2022 12:08:59 UTC] a:3:{i:0;i:16;i:1;i:28;i:2;i:12;}
[20-Sep-2022 12:08:59 UTC] a:3:{i:0;i:12;i:1;i:28;i:2;i:878;}
[20-Sep-2022 12:08:59 UTC] a:4:{i:0;i:28;i:1;i:80;i:2;i:35;i:3;i:12;}
[20-Sep-2022 12:08:59 UTC] a:2:{i:0;i:28;i:1;i:18;}
[20-Sep-2022 12:08:59 UTC] a:4:{i:0;i:16;i:1;i:12;i:2;i:35;i:3;i:14;}
[20-Sep-2022 12:08:59 UTC] a:2:{i:0;i:35;i:1;i:28;}
[20-Sep-2022 12:08:59 UTC] a:2:{i:0;i:27;i:1;i:53;}
[20-Sep-2022 12:08:59 UTC] a:2:{i:0;i:27;i:1;i:53;}
[20-Sep-2022 12:08:59 UTC] a:8:{i:0;i:27;i:1;i:53;i:2;i:28;i:3;i:12;i:4;i:80;i:5;i:9648;i:6;i:18;i:7;i:10752;}
[20-Sep-2022 12:08:59 UTC] a:4:{i:0;i:27;i:1;i:9648;i:2;i:878;i:3;i:53;}
[20-Sep-2022 12:08:59 UTC] PHP Notice:  ob_end_flush(): Failed to send buffer of zlib output compression (1) in C:\MAMP\htdocs\netvlies\wp-includes\functions.php on line 5275
[20-Sep-2022 12:08:59 UTC] PHP Notice:  ob_end_flush(): Failed to send buffer of zlib output compression (1) in C:\MAMP\htdocs\netvlies\wp-includes\functions.php on line 5275
[20-Sep-2022 12:09:42 UTC] a:1:{i:0;i:53;}
[20-Sep-2022 12:09:42 UTC] a:3:{i:0;i:14;i:1;i:12;i:2;i:10751;}
[20-Sep-2022 12:09:42 UTC] a:3:{i:0;i:12;i:1;i:18;i:2;i:27;}
[20-Sep-2022 12:09:42 UTC] a:3:{i:0;i:28;i:1;i:18;i:2;i:878;}
[20-Sep-2022 12:09:42 UTC] a:2:{i:0;i:28;i:1;i:18;}
[20-Sep-2022 12:09:42 UTC] a:3:{i:0;i:16;i:1;i:878;i:2;i:28;}
[20-Sep-2022 12:09:42 UTC] a:3:{i:0;i:14;i:1;i:28;i:2;i:35;}
[20-Sep-2022 12:09:42 UTC] a:3:{i:0;i:28;i:1;i:80;i:2;i:53;}
[20-Sep-2022 12:09:42 UTC] a:3:{i:0;i:53;i:1;i:28;i:2;i:878;}
[20-Sep-2022 12:09:42 UTC] a:3:{i:0;i:28;i:1;i:12;i:2;i:14;}
[20-Sep-2022 12:09:42 UTC] a:3:{i:0;i:16;i:1;i:28;i:2;i:12;}
[20-Sep-2022 12:09:42 UTC] a:3:{i:0;i:12;i:1;i:28;i:2;i:878;}
[20-Sep-2022 12:09:42 UTC] a:4:{i:0;i:28;i:1;i:80;i:2;i:35;i:3;i:12;}
[20-Sep-2022 12:09:42 UTC] a:2:{i:0;i:28;i:1;i:18;}
[20-Sep-2022 12:09:42 UTC] a:4:{i:0;i:16;i:1;i:12;i:2;i:35;i:3;i:14;}
[20-Sep-2022 12:09:42 UTC] a:2:{i:0;i:35;i:1;i:28;}
[20-Sep-2022 12:09:42 UTC] a:2:{i:0;i:27;i:1;i:53;}
[20-Sep-2022 12:09:42 UTC] a:2:{i:0;i:27;i:1;i:53;}
[20-Sep-2022 12:09:42 UTC] a:8:{i:0;i:27;i:1;i:53;i:2;i:28;i:3;i:12;i:4;i:80;i:5;i:9648;i:6;i:18;i:7;i:10752;}
[20-Sep-2022 12:09:42 UTC] a:4:{i:0;i:27;i:1;i:9648;i:2;i:878;i:3;i:53;}
